#
# There is insufficient memory for the Java Runtime Environment to continue.
# Native memory allocation (malloc) failed to allocate 479056 bytes for Chunk::new
# Possible reasons:
#   The system is out of physical RAM or swap space
#   The process is running with CompressedOops enabled, and the Java Heap may be blocking the growth of the native heap
# Possible solutions:
#   Reduce memory load on the system
#   Increase physical memory or swap space
#   Check if swap backing store is full
#   Decrease Java heap size (-Xmx/-Xms)
#   Decrease number of Java threads
#   Decrease Java thread stack sizes (-Xss)
#   Set larger code cache with -XX:ReservedCodeCacheSize=
#   JVM is running with Zero Based Compressed Oops mode in which the Java heap is
#     placed in the first 32GB address space. The Java Heap base address is the
#     maximum limit for the native heap growth. Please use -XX:HeapBaseMinAddress
#     to set the Java Heap base and to place the Java Heap above 32GB virtual address.
# This output file may be truncated or incomplete.
#
#  Out of Memory Error (./open/src/hotspot/share/memory/arena.cpp:195), pid=15776, tid=43068
#
# JRE version: OpenJDK Runtime Environment (15.0.2+7) (build 15.0.2+7-27)
# Java VM: OpenJDK 64-Bit Server VM (15.0.2+7-27, mixed mode, tiered, compressed oops, g1 gc, windows-amd64)
# No core dump will be written. Minidumps are not enabled by default on client versions of Windows
#

---------------  S U M M A R Y ------------

Command Line: -ea -Dfile.encoding=Cp1252 -XX:+ShowCodeDetailsInExceptionMessages org.testng.remote.RemoteTestNG -serport 49300 -protocol json -d C:\Users\Anmol Kaur\eclipse-workspace\Z2\test-output C:\Users\ANMOLK~1\AppData\Local\Temp\testng-eclipse-2011641826\testng-customsuite.xml

Host: Intel(R) Core(TM) i5-10210U CPU @ 1.60GHz, 8 cores, 15G,  Windows 10 , 64 bit Build 19041 (10.0.19041.928)
Time: Sat Jun 19 23:22:20 2021 India Standard Time elapsed time: 26.080885 seconds (0d 0h 0m 26s)

---------------  T H R E A D  ---------------

Current thread (0x0000014353cfd6e0):  JavaThread "C2 CompilerThread0" daemon [_thread_in_native, id=43068, stack(0x0000003acb100000,0x0000003acb200000)]


Current CompileTask:
C2:  26080 1601  s!   4       jdk.internal.loader.URLClassPath::getLoader (194 bytes)

Stack: [0x0000003acb100000,0x0000003acb200000]
Native frames: (J=compiled Java code, j=interpreted, Vv=VM code, C=native code)
V  [jvm.dll+0x62ae9a]
V  [jvm.dll+0x7817a9]
V  [jvm.dll+0x782f03]
V  [jvm.dll+0x783563]
V  [jvm.dll+0x216325]
V  [jvm.dll+0x97f3a]
V  [jvm.dll+0x9861c]
V  [jvm.dll+0x32e2a8]
V  [jvm.dll+0x2f768a]
V  [jvm.dll+0x2f6a4a]
V  [jvm.dll+0x1ea705]
V  [jvm.dll+0x1e996e]
V  [jvm.dll+0x178567]
V  [jvm.dll+0x1f9225]
V  [jvm.dll+0x1f72cc]
V  [jvm.dll+0x74495d]
V  [jvm.dll+0x73d75a]
V  [jvm.dll+0x629c56]
C  [ucrtbase.dll+0x21bb2]
C  [KERNEL32.DLL+0x17034]
C  [ntdll.dll+0x52651]


---------------  P R O C E S S  ---------------

Threads class SMR info:
_java_thread_list=0x0000014353ea2680, length=13, elements={
0x00000143348293e0, 0x0000014353cc9020, 0x0000014353cc99e0, 0x0000014353cdccc0,
0x0000014353cf4ff0, 0x0000014353cf8550, 0x0000014353cfd6e0, 0x0000014353d08000,
0x0000014353d14d00, 0x0000014353cf8a20, 0x0000014353cf7bb0, 0x0000014353cf76e0,
0x0000014353cf8080
}

Java Threads: ( => current thread )
  0x00000143348293e0 JavaThread "main" [_thread_in_Java, id=42976, stack(0x0000003aca500000,0x0000003aca600000)]
  0x0000014353cc9020 JavaThread "Reference Handler" daemon [_thread_blocked, id=11200, stack(0x0000003acac00000,0x0000003acad00000)]
  0x0000014353cc99e0 JavaThread "Finalizer" daemon [_thread_blocked, id=9272, stack(0x0000003acad00000,0x0000003acae00000)]
  0x0000014353cdccc0 JavaThread "Signal Dispatcher" daemon [_thread_blocked, id=39600, stack(0x0000003acae00000,0x0000003acaf00000)]
  0x0000014353cf4ff0 JavaThread "Attach Listener" daemon [_thread_blocked, id=23688, stack(0x0000003acaf00000,0x0000003acb000000)]
  0x0000014353cf8550 JavaThread "Service Thread" daemon [_thread_blocked, id=18552, stack(0x0000003acb000000,0x0000003acb100000)]
=>0x0000014353cfd6e0 JavaThread "C2 CompilerThread0" daemon [_thread_in_native, id=43068, stack(0x0000003acb100000,0x0000003acb200000)]
  0x0000014353d08000 JavaThread "C1 CompilerThread0" daemon [_thread_blocked, id=17012, stack(0x0000003acb200000,0x0000003acb300000)]
  0x0000014353d14d00 JavaThread "Sweeper thread" daemon [_thread_blocked, id=24980, stack(0x0000003acb300000,0x0000003acb400000)]
  0x0000014353cf8a20 JavaThread "Notification Thread" daemon [_thread_blocked, id=43324, stack(0x0000003acb400000,0x0000003acb500000)]
  0x0000014353cf7bb0 JavaThread "Common-Cleaner" daemon [_thread_blocked, id=38320, stack(0x0000003acb600000,0x0000003acb700000)]
  0x0000014353cf76e0 JavaThread "ReaderThread" [_thread_in_native, id=40512, stack(0x0000003acb800000,0x0000003acb900000)]
  0x0000014353cf8080 JavaThread "Keep-Alive-Timer" daemon [_thread_blocked, id=15144, stack(0x0000003acbe00000,0x0000003acbf00000)]

Other Threads:
  0x0000014353c92630 VMThread "VM Thread" [stack: 0x0000003acab00000,0x0000003acac00000] [id=18616]
  0x0000014353e71cb0 WatcherThread [stack: 0x0000003acb500000,0x0000003acb600000] [id=42056]
  0x000001433487ac50 GCTaskThread "GC Thread#0" [stack: 0x0000003aca600000,0x0000003aca700000] [id=42324]
  0x00000143551623e0 GCTaskThread "GC Thread#1" [stack: 0x0000003acb900000,0x0000003acba00000] [id=21716]
  0x0000014355164090 GCTaskThread "GC Thread#2" [stack: 0x0000003acba00000,0x0000003acbb00000] [id=16948]
  0x0000014355162a40 GCTaskThread "GC Thread#3" [stack: 0x0000003acbb00000,0x0000003acbc00000] [id=22752]
  0x00000143551610c0 GCTaskThread "GC Thread#4" [stack: 0x0000003acbc00000,0x0000003acbd00000] [id=35584]
  0x0000014355163a30 GCTaskThread "GC Thread#5" [stack: 0x0000003acbd00000,0x0000003acbe00000] [id=40520]
  0x000001433488b7f0 ConcurrentGCThread "G1 Main Marker" [stack: 0x0000003aca700000,0x0000003aca800000] [id=29832]
  0x000001433488eab0 ConcurrentGCThread "G1 Conc#0" [stack: 0x0000003aca800000,0x0000003aca900000] [id=32360]
  0x00000143348fd1b0 ConcurrentGCThread "G1 Refine#0" [stack: 0x0000003aca900000,0x0000003acaa00000] [id=38752]
  0x00000143348feb70 ConcurrentGCThread "G1 Young RemSet Sampling" [stack: 0x0000003acaa00000,0x0000003acab00000] [id=41444]

Threads with active compile tasks:
C2 CompilerThread0    26100 1601  s!   4       jdk.internal.loader.URLClassPath::getLoader (194 bytes)

VM state: not at safepoint (normal execution)

VM Mutex/Monitor currently owned by a thread: None

Heap address: 0x0000000706400000, size: 3996 MB, Compressed Oops mode: Zero based, Oop shift amount: 3
CDS disabled.
Compressed class space mapped at: 0x0000000800000000-0x0000000840000000, size: 1073741824
Narrow klass base: 0x0000000800000000, Narrow klass shift: 0, Narrow klass range: 0x40000000

GC Precious Log:
 CPUs: 8 total, 8 available
 Memory: 15977M
 Large Page Support: Disabled
 NUMA Support: Disabled
 Compressed Oops: Enabled (Zero based)
 Heap Region Size: 2M
 Heap Min Capacity: 8M
 Heap Initial Capacity: 250M
 Heap Max Capacity: 3996M
 Pre-touch: Disabled
 Parallel Workers: 8
 Concurrent Workers: 2
 Concurrent Refinement Workers: 8
 Periodic GC: Disabled

Heap:
 garbage-first heap   total 256000K, used 15317K [0x0000000706400000, 0x0000000800000000)
  region size 2048K, 8 young (16384K), 2 survivors (4096K)
 Metaspace       used 20950K, capacity 21139K, committed 21296K, reserved 1071104K
  class space    used 2125K, capacity 2175K, committed 2176K, reserved 1048576K

Heap Regions: E=young(eden), S=young(survivor), O=old, HS=humongous(starts), HC=humongous(continues), CS=collection set, F=free, OA=open archive, CA=closed archive, TAMS=top-at-mark-start (previous, next)
|   0|0x0000000706400000, 0x00000007064f5400, 0x0000000706600000| 47%| O|  |TAMS 0x0000000706400000, 0x0000000706400000| Untracked 
|   1|0x0000000706600000, 0x0000000706600000, 0x0000000706800000|  0%| F|  |TAMS 0x0000000706600000, 0x0000000706600000| Untracked 
|   2|0x0000000706800000, 0x0000000706800000, 0x0000000706a00000|  0%| F|  |TAMS 0x0000000706800000, 0x0000000706800000| Untracked 
|   3|0x0000000706a00000, 0x0000000706a00000, 0x0000000706c00000|  0%| F|  |TAMS 0x0000000706a00000, 0x0000000706a00000| Untracked 
|   4|0x0000000706c00000, 0x0000000706c00000, 0x0000000706e00000|  0%| F|  |TAMS 0x0000000706c00000, 0x0000000706c00000| Untracked 
|   5|0x0000000706e00000, 0x0000000706e00000, 0x0000000707000000|  0%| F|  |TAMS 0x0000000706e00000, 0x0000000706e00000| Untracked 
|   6|0x0000000707000000, 0x0000000707000000, 0x0000000707200000|  0%| F|  |TAMS 0x0000000707000000, 0x0000000707000000| Untracked 
|   7|0x0000000707200000, 0x0000000707200000, 0x0000000707400000|  0%| F|  |TAMS 0x0000000707200000, 0x0000000707200000| Untracked 
|   8|0x0000000707400000, 0x0000000707400000, 0x0000000707600000|  0%| F|  |TAMS 0x0000000707400000, 0x0000000707400000| Untracked 
|   9|0x0000000707600000, 0x0000000707600000, 0x0000000707800000|  0%| F|  |TAMS 0x0000000707600000, 0x0000000707600000| Untracked 
|  10|0x0000000707800000, 0x0000000707800000, 0x0000000707a00000|  0%| F|  |TAMS 0x0000000707800000, 0x0000000707800000| Untracked 
|  11|0x0000000707a00000, 0x0000000707a00000, 0x0000000707c00000|  0%| F|  |TAMS 0x0000000707a00000, 0x0000000707a00000| Untracked 
|  12|0x0000000707c00000, 0x0000000707c00000, 0x0000000707e00000|  0%| F|  |TAMS 0x0000000707c00000, 0x0000000707c00000| Untracked 
|  13|0x0000000707e00000, 0x0000000707e00000, 0x0000000708000000|  0%| F|  |TAMS 0x0000000707e00000, 0x0000000707e00000| Untracked 
|  14|0x0000000708000000, 0x0000000708000000, 0x0000000708200000|  0%| F|  |TAMS 0x0000000708000000, 0x0000000708000000| Untracked 
|  15|0x0000000708200000, 0x0000000708200000, 0x0000000708400000|  0%| F|  |TAMS 0x0000000708200000, 0x0000000708200000| Untracked 
|  16|0x0000000708400000, 0x0000000708400000, 0x0000000708600000|  0%| F|  |TAMS 0x0000000708400000, 0x0000000708400000| Untracked 
|  17|0x0000000708600000, 0x0000000708600000, 0x0000000708800000|  0%| F|  |TAMS 0x0000000708600000, 0x0000000708600000| Untracked 
|  18|0x0000000708800000, 0x0000000708800000, 0x0000000708a00000|  0%| F|  |TAMS 0x0000000708800000, 0x0000000708800000| Untracked 
|  19|0x0000000708a00000, 0x0000000708a00000, 0x0000000708c00000|  0%| F|  |TAMS 0x0000000708a00000, 0x0000000708a00000| Untracked 
|  20|0x0000000708c00000, 0x0000000708c00000, 0x0000000708e00000|  0%| F|  |TAMS 0x0000000708c00000, 0x0000000708c00000| Untracked 
|  21|0x0000000708e00000, 0x0000000708e00000, 0x0000000709000000|  0%| F|  |TAMS 0x0000000708e00000, 0x0000000708e00000| Untracked 
|  22|0x0000000709000000, 0x0000000709000000, 0x0000000709200000|  0%| F|  |TAMS 0x0000000709000000, 0x0000000709000000| Untracked 
|  23|0x0000000709200000, 0x0000000709200000, 0x0000000709400000|  0%| F|  |TAMS 0x0000000709200000, 0x0000000709200000| Untracked 
|  24|0x0000000709400000, 0x0000000709400000, 0x0000000709600000|  0%| F|  |TAMS 0x0000000709400000, 0x0000000709400000| Untracked 
|  25|0x0000000709600000, 0x0000000709600000, 0x0000000709800000|  0%| F|  |TAMS 0x0000000709600000, 0x0000000709600000| Untracked 
|  26|0x0000000709800000, 0x0000000709800000, 0x0000000709a00000|  0%| F|  |TAMS 0x0000000709800000, 0x0000000709800000| Untracked 
|  27|0x0000000709a00000, 0x0000000709a00000, 0x0000000709c00000|  0%| F|  |TAMS 0x0000000709a00000, 0x0000000709a00000| Untracked 
|  28|0x0000000709c00000, 0x0000000709c00000, 0x0000000709e00000|  0%| F|  |TAMS 0x0000000709c00000, 0x0000000709c00000| Untracked 
|  29|0x0000000709e00000, 0x0000000709e00000, 0x000000070a000000|  0%| F|  |TAMS 0x0000000709e00000, 0x0000000709e00000| Untracked 
|  30|0x000000070a000000, 0x000000070a000000, 0x000000070a200000|  0%| F|  |TAMS 0x000000070a000000, 0x000000070a000000| Untracked 
|  31|0x000000070a200000, 0x000000070a200000, 0x000000070a400000|  0%| F|  |TAMS 0x000000070a200000, 0x000000070a200000| Untracked 
|  32|0x000000070a400000, 0x000000070a400000, 0x000000070a600000|  0%| F|  |TAMS 0x000000070a400000, 0x000000070a400000| Untracked 
|  33|0x000000070a600000, 0x000000070a600000, 0x000000070a800000|  0%| F|  |TAMS 0x000000070a600000, 0x000000070a600000| Untracked 
|  34|0x000000070a800000, 0x000000070a800000, 0x000000070aa00000|  0%| F|  |TAMS 0x000000070a800000, 0x000000070a800000| Untracked 
|  35|0x000000070aa00000, 0x000000070aa00000, 0x000000070ac00000|  0%| F|  |TAMS 0x000000070aa00000, 0x000000070aa00000| Untracked 
|  36|0x000000070ac00000, 0x000000070ac00000, 0x000000070ae00000|  0%| F|  |TAMS 0x000000070ac00000, 0x000000070ac00000| Untracked 
|  37|0x000000070ae00000, 0x000000070ae00000, 0x000000070b000000|  0%| F|  |TAMS 0x000000070ae00000, 0x000000070ae00000| Untracked 
|  38|0x000000070b000000, 0x000000070b000000, 0x000000070b200000|  0%| F|  |TAMS 0x000000070b000000, 0x000000070b000000| Untracked 
|  39|0x000000070b200000, 0x000000070b200000, 0x000000070b400000|  0%| F|  |TAMS 0x000000070b200000, 0x000000070b200000| Untracked 
|  40|0x000000070b400000, 0x000000070b400000, 0x000000070b600000|  0%| F|  |TAMS 0x000000070b400000, 0x000000070b400000| Untracked 
|  41|0x000000070b600000, 0x000000070b600000, 0x000000070b800000|  0%| F|  |TAMS 0x000000070b600000, 0x000000070b600000| Untracked 
|  42|0x000000070b800000, 0x000000070b800000, 0x000000070ba00000|  0%| F|  |TAMS 0x000000070b800000, 0x000000070b800000| Untracked 
|  43|0x000000070ba00000, 0x000000070ba00000, 0x000000070bc00000|  0%| F|  |TAMS 0x000000070ba00000, 0x000000070ba00000| Untracked 
|  44|0x000000070bc00000, 0x000000070bc00000, 0x000000070be00000|  0%| F|  |TAMS 0x000000070bc00000, 0x000000070bc00000| Untracked 
|  45|0x000000070be00000, 0x000000070be00000, 0x000000070c000000|  0%| F|  |TAMS 0x000000070be00000, 0x000000070be00000| Untracked 
|  46|0x000000070c000000, 0x000000070c000000, 0x000000070c200000|  0%| F|  |TAMS 0x000000070c000000, 0x000000070c000000| Untracked 
|  47|0x000000070c200000, 0x000000070c200000, 0x000000070c400000|  0%| F|  |TAMS 0x000000070c200000, 0x000000070c200000| Untracked 
|  48|0x000000070c400000, 0x000000070c400000, 0x000000070c600000|  0%| F|  |TAMS 0x000000070c400000, 0x000000070c400000| Untracked 
|  49|0x000000070c600000, 0x000000070c600000, 0x000000070c800000|  0%| F|  |TAMS 0x000000070c600000, 0x000000070c600000| Untracked 
|  50|0x000000070c800000, 0x000000070c800000, 0x000000070ca00000|  0%| F|  |TAMS 0x000000070c800000, 0x000000070c800000| Untracked 
|  51|0x000000070ca00000, 0x000000070ca00000, 0x000000070cc00000|  0%| F|  |TAMS 0x000000070ca00000, 0x000000070ca00000| Untracked 
|  52|0x000000070cc00000, 0x000000070cc00000, 0x000000070ce00000|  0%| F|  |TAMS 0x000000070cc00000, 0x000000070cc00000| Untracked 
|  53|0x000000070ce00000, 0x000000070ce00000, 0x000000070d000000|  0%| F|  |TAMS 0x000000070ce00000, 0x000000070ce00000| Untracked 
|  54|0x000000070d000000, 0x000000070d000000, 0x000000070d200000|  0%| F|  |TAMS 0x000000070d000000, 0x000000070d000000| Untracked 
|  55|0x000000070d200000, 0x000000070d200000, 0x000000070d400000|  0%| F|  |TAMS 0x000000070d200000, 0x000000070d200000| Untracked 
|  56|0x000000070d400000, 0x000000070d400000, 0x000000070d600000|  0%| F|  |TAMS 0x000000070d400000, 0x000000070d400000| Untracked 
|  57|0x000000070d600000, 0x000000070d600000, 0x000000070d800000|  0%| F|  |TAMS 0x000000070d600000, 0x000000070d600000| Untracked 
|  58|0x000000070d800000, 0x000000070d800000, 0x000000070da00000|  0%| F|  |TAMS 0x000000070d800000, 0x000000070d800000| Untracked 
|  59|0x000000070da00000, 0x000000070da00000, 0x000000070dc00000|  0%| F|  |TAMS 0x000000070da00000, 0x000000070da00000| Untracked 
|  60|0x000000070dc00000, 0x000000070dc00000, 0x000000070de00000|  0%| F|  |TAMS 0x000000070dc00000, 0x000000070dc00000| Untracked 
|  61|0x000000070de00000, 0x000000070de00000, 0x000000070e000000|  0%| F|  |TAMS 0x000000070de00000, 0x000000070de00000| Untracked 
|  62|0x000000070e000000, 0x000000070e000000, 0x000000070e200000|  0%| F|  |TAMS 0x000000070e000000, 0x000000070e000000| Untracked 
|  63|0x000000070e200000, 0x000000070e200000, 0x000000070e400000|  0%| F|  |TAMS 0x000000070e200000, 0x000000070e200000| Untracked 
|  64|0x000000070e400000, 0x000000070e400000, 0x000000070e600000|  0%| F|  |TAMS 0x000000070e400000, 0x000000070e400000| Untracked 
|  65|0x000000070e600000, 0x000000070e600000, 0x000000070e800000|  0%| F|  |TAMS 0x000000070e600000, 0x000000070e600000| Untracked 
|  66|0x000000070e800000, 0x000000070e800000, 0x000000070ea00000|  0%| F|  |TAMS 0x000000070e800000, 0x000000070e800000| Untracked 
|  67|0x000000070ea00000, 0x000000070ea00000, 0x000000070ec00000|  0%| F|  |TAMS 0x000000070ea00000, 0x000000070ea00000| Untracked 
|  68|0x000000070ec00000, 0x000000070ec00000, 0x000000070ee00000|  0%| F|  |TAMS 0x000000070ec00000, 0x000000070ec00000| Untracked 
|  69|0x000000070ee00000, 0x000000070ee00000, 0x000000070f000000|  0%| F|  |TAMS 0x000000070ee00000, 0x000000070ee00000| Untracked 
|  70|0x000000070f000000, 0x000000070f000000, 0x000000070f200000|  0%| F|  |TAMS 0x000000070f000000, 0x000000070f000000| Untracked 
|  71|0x000000070f200000, 0x000000070f200000, 0x000000070f400000|  0%| F|  |TAMS 0x000000070f200000, 0x000000070f200000| Untracked 
|  72|0x000000070f400000, 0x000000070f400000, 0x000000070f600000|  0%| F|  |TAMS 0x000000070f400000, 0x000000070f400000| Untracked 
|  73|0x000000070f600000, 0x000000070f600000, 0x000000070f800000|  0%| F|  |TAMS 0x000000070f600000, 0x000000070f600000| Untracked 
|  74|0x000000070f800000, 0x000000070f800000, 0x000000070fa00000|  0%| F|  |TAMS 0x000000070f800000, 0x000000070f800000| Untracked 
|  75|0x000000070fa00000, 0x000000070fa00000, 0x000000070fc00000|  0%| F|  |TAMS 0x000000070fa00000, 0x000000070fa00000| Untracked 
|  76|0x000000070fc00000, 0x000000070fc00000, 0x000000070fe00000|  0%| F|  |TAMS 0x000000070fc00000, 0x000000070fc00000| Untracked 
|  77|0x000000070fe00000, 0x000000070fe00000, 0x0000000710000000|  0%| F|  |TAMS 0x000000070fe00000, 0x000000070fe00000| Untracked 
|  78|0x0000000710000000, 0x0000000710000000, 0x0000000710200000|  0%| F|  |TAMS 0x0000000710000000, 0x0000000710000000| Untracked 
|  79|0x0000000710200000, 0x0000000710200000, 0x0000000710400000|  0%| F|  |TAMS 0x0000000710200000, 0x0000000710200000| Untracked 
|  80|0x0000000710400000, 0x0000000710400000, 0x0000000710600000|  0%| F|  |TAMS 0x0000000710400000, 0x0000000710400000| Untracked 
|  81|0x0000000710600000, 0x0000000710600000, 0x0000000710800000|  0%| F|  |TAMS 0x0000000710600000, 0x0000000710600000| Untracked 
|  82|0x0000000710800000, 0x0000000710800000, 0x0000000710a00000|  0%| F|  |TAMS 0x0000000710800000, 0x0000000710800000| Untracked 
|  83|0x0000000710a00000, 0x0000000710a00000, 0x0000000710c00000|  0%| F|  |TAMS 0x0000000710a00000, 0x0000000710a00000| Untracked 
|  84|0x0000000710c00000, 0x0000000710c00000, 0x0000000710e00000|  0%| F|  |TAMS 0x0000000710c00000, 0x0000000710c00000| Untracked 
|  85|0x0000000710e00000, 0x0000000710e00000, 0x0000000711000000|  0%| F|  |TAMS 0x0000000710e00000, 0x0000000710e00000| Untracked 
|  86|0x0000000711000000, 0x0000000711000000, 0x0000000711200000|  0%| F|  |TAMS 0x0000000711000000, 0x0000000711000000| Untracked 
|  87|0x0000000711200000, 0x0000000711200000, 0x0000000711400000|  0%| F|  |TAMS 0x0000000711200000, 0x0000000711200000| Untracked 
|  88|0x0000000711400000, 0x0000000711400000, 0x0000000711600000|  0%| F|  |TAMS 0x0000000711400000, 0x0000000711400000| Untracked 
|  89|0x0000000711600000, 0x0000000711600000, 0x0000000711800000|  0%| F|  |TAMS 0x0000000711600000, 0x0000000711600000| Untracked 
|  90|0x0000000711800000, 0x0000000711800000, 0x0000000711a00000|  0%| F|  |TAMS 0x0000000711800000, 0x0000000711800000| Untracked 
|  91|0x0000000711a00000, 0x0000000711a00000, 0x0000000711c00000|  0%| F|  |TAMS 0x0000000711a00000, 0x0000000711a00000| Untracked 
|  92|0x0000000711c00000, 0x0000000711c00000, 0x0000000711e00000|  0%| F|  |TAMS 0x0000000711c00000, 0x0000000711c00000| Untracked 
|  93|0x0000000711e00000, 0x0000000711e00000, 0x0000000712000000|  0%| F|  |TAMS 0x0000000711e00000, 0x0000000711e00000| Untracked 
|  94|0x0000000712000000, 0x0000000712000000, 0x0000000712200000|  0%| F|  |TAMS 0x0000000712000000, 0x0000000712000000| Untracked 
|  95|0x0000000712200000, 0x0000000712200000, 0x0000000712400000|  0%| F|  |TAMS 0x0000000712200000, 0x0000000712200000| Untracked 
|  96|0x0000000712400000, 0x0000000712400000, 0x0000000712600000|  0%| F|  |TAMS 0x0000000712400000, 0x0000000712400000| Untracked 
|  97|0x0000000712600000, 0x0000000712600000, 0x0000000712800000|  0%| F|  |TAMS 0x0000000712600000, 0x0000000712600000| Untracked 
|  98|0x0000000712800000, 0x0000000712800000, 0x0000000712a00000|  0%| F|  |TAMS 0x0000000712800000, 0x0000000712800000| Untracked 
|  99|0x0000000712a00000, 0x0000000712a00000, 0x0000000712c00000|  0%| F|  |TAMS 0x0000000712a00000, 0x0000000712a00000| Untracked 
| 100|0x0000000712c00000, 0x0000000712c00000, 0x0000000712e00000|  0%| F|  |TAMS 0x0000000712c00000, 0x0000000712c00000| Untracked 
| 101|0x0000000712e00000, 0x0000000712e00000, 0x0000000713000000|  0%| F|  |TAMS 0x0000000712e00000, 0x0000000712e00000| Untracked 
| 102|0x0000000713000000, 0x0000000713000000, 0x0000000713200000|  0%| F|  |TAMS 0x0000000713000000, 0x0000000713000000| Untracked 
| 103|0x0000000713200000, 0x0000000713200000, 0x0000000713400000|  0%| F|  |TAMS 0x0000000713200000, 0x0000000713200000| Untracked 
| 104|0x0000000713400000, 0x0000000713400000, 0x0000000713600000|  0%| F|  |TAMS 0x0000000713400000, 0x0000000713400000| Untracked 
| 105|0x0000000713600000, 0x0000000713600000, 0x0000000713800000|  0%| F|  |TAMS 0x0000000713600000, 0x0000000713600000| Untracked 
| 106|0x0000000713800000, 0x0000000713800000, 0x0000000713a00000|  0%| F|  |TAMS 0x0000000713800000, 0x0000000713800000| Untracked 
| 107|0x0000000713a00000, 0x0000000713a00000, 0x0000000713c00000|  0%| F|  |TAMS 0x0000000713a00000, 0x0000000713a00000| Untracked 
| 108|0x0000000713c00000, 0x0000000713c00000, 0x0000000713e00000|  0%| F|  |TAMS 0x0000000713c00000, 0x0000000713c00000| Untracked 
| 109|0x0000000713e00000, 0x0000000713e00000, 0x0000000714000000|  0%| F|  |TAMS 0x0000000713e00000, 0x0000000713e00000| Untracked 
| 110|0x0000000714000000, 0x0000000714000000, 0x0000000714200000|  0%| F|  |TAMS 0x0000000714000000, 0x0000000714000000| Untracked 
| 111|0x0000000714200000, 0x0000000714200000, 0x0000000714400000|  0%| F|  |TAMS 0x0000000714200000, 0x0000000714200000| Untracked 
| 112|0x0000000714400000, 0x0000000714600000, 0x0000000714600000|100%| S|CS|TAMS 0x0000000714400000, 0x0000000714400000| Complete 
| 113|0x0000000714600000, 0x0000000714800000, 0x0000000714800000|100%| S|CS|TAMS 0x0000000714600000, 0x0000000714600000| Complete 
| 114|0x0000000714800000, 0x0000000714800000, 0x0000000714a00000|  0%| F|  |TAMS 0x0000000714800000, 0x0000000714800000| Untracked 
| 115|0x0000000714a00000, 0x0000000714a00000, 0x0000000714c00000|  0%| F|  |TAMS 0x0000000714a00000, 0x0000000714a00000| Untracked 
| 116|0x0000000714c00000, 0x0000000714c00000, 0x0000000714e00000|  0%| F|  |TAMS 0x0000000714c00000, 0x0000000714c00000| Untracked 
| 117|0x0000000714e00000, 0x0000000714e00000, 0x0000000715000000|  0%| F|  |TAMS 0x0000000714e00000, 0x0000000714e00000| Untracked 
| 118|0x0000000715000000, 0x0000000715000000, 0x0000000715200000|  0%| F|  |TAMS 0x0000000715000000, 0x0000000715000000| Untracked 
| 119|0x0000000715200000, 0x00000007152f5010, 0x0000000715400000| 47%| E|  |TAMS 0x0000000715200000, 0x0000000715200000| Complete 
| 120|0x0000000715400000, 0x0000000715600000, 0x0000000715600000|100%| E|CS|TAMS 0x0000000715400000, 0x0000000715400000| Complete 
| 121|0x0000000715600000, 0x0000000715800000, 0x0000000715800000|100%| E|CS|TAMS 0x0000000715600000, 0x0000000715600000| Complete 
| 122|0x0000000715800000, 0x0000000715a00000, 0x0000000715a00000|100%| E|CS|TAMS 0x0000000715800000, 0x0000000715800000| Complete 
| 123|0x0000000715a00000, 0x0000000715c00000, 0x0000000715c00000|100%| E|CS|TAMS 0x0000000715a00000, 0x0000000715a00000| Complete 
| 124|0x0000000715c00000, 0x0000000715e00000, 0x0000000715e00000|100%| E|CS|TAMS 0x0000000715c00000, 0x0000000715c00000| Complete 

Card table byte_map: [0x0000014347d50000,0x0000014348520000] _byte_map_base: 0x000001434451e000

Marking Bits (Prev, Next): (CMBitMap*) 0x000001433487b3d0, (CMBitMap*) 0x000001433487b410
 Prev Bits: [0x0000014348cf0000, 0x000001434cb60000)
 Next Bits: [0x000001434cb60000, 0x00000143509d0000)

Polling page: 0x0000014334000000

Metaspace:

Usage:
  Non-class:     18.58 MB capacity,    18.43 MB (>99%) used,   139.93 KB ( <1%) free+waste,    20.19 KB ( <1%) overhead. 
      Class:      2.12 MB capacity,     2.08 MB ( 98%) used,    39.05 KB (  2%) free+waste,     6.62 KB ( <1%) overhead. 
       Both:     20.71 MB capacity,    20.51 MB (>99%) used,   178.98 KB ( <1%) free+waste,    26.81 KB ( <1%) overhead. 

Virtual space:
  Non-class space:       22.00 MB reserved,      18.67 MB ( 85%) committed 
      Class space:        1.00 GB reserved,       2.12 MB ( <1%) committed 
             Both:        1.02 GB reserved,      20.80 MB (  2%) committed 

Chunk freelists:
   Non-Class:  44.00 KB
       Class:  1.00 KB
        Both:  45.00 KB

MaxMetaspaceSize: 17179869184.00 GB
CompressedClassSpaceSize: 1.00 GB

CodeHeap 'non-profiled nmethods': size=120000Kb used=582Kb max_used=582Kb free=119417Kb
 bounds [0x000001433fd10000, 0x000001433ff80000, 0x0000014347240000]
CodeHeap 'profiled nmethods': size=120000Kb used=2937Kb max_used=2937Kb free=117062Kb
 bounds [0x00000143387e0000, 0x0000014338ac0000, 0x000001433fd10000]
CodeHeap 'non-nmethods': size=5760Kb used=1211Kb max_used=1225Kb free=4548Kb
 bounds [0x0000014338240000, 0x00000143384b0000, 0x00000143387e0000]
 total_blobs=2085 nmethods=1607 adapters=391
 compilation: enabled
              stopped_count=0, restarted_count=0
 full_count=0

Compilation events (20 events):
Event: 26.015 Thread 0x0000014353d08000 nmethod 1592 0x0000014338ab5790 code [0x0000014338ab5a00, 0x0000014338ab6318]
Event: 26.015 Thread 0x0000014353d08000 1591       3       sun.net.www.ParseUtil::canonizeString (38 bytes)
Event: 26.016 Thread 0x0000014353d08000 nmethod 1591 0x0000014338ab6690 code [0x0000014338ab68c0, 0x0000014338ab7098]
Event: 26.016 Thread 0x0000014353d08000 1594   !   3       java.util.jar.JarFile$JarFileEntry::getCodeSigners (81 bytes)
Event: 26.016 Thread 0x0000014353d08000 nmethod 1594 0x0000014338ab7390 code [0x0000014338ab75a0, 0x0000014338ab7b28]
Event: 26.016 Thread 0x0000014353d08000 1595  s!   3       java.util.jar.JarFile::ensureInitialization (74 bytes)
Event: 26.017 Thread 0x0000014353d08000 nmethod 1595 0x0000014338ab7d10 code [0x0000014338ab7f20, 0x0000014338ab8558]
Event: 26.017 Thread 0x0000014353d08000 1596  s    3       java.util.jar.JarFile::getInputStream (72 bytes)
Event: 26.017 Thread 0x0000014353d08000 nmethod 1596 0x0000014338ab8710 code [0x0000014338ab8920, 0x0000014338ab8e58]
Event: 26.018 Thread 0x0000014353cfd6e0 1597       4       java.io.WinNTFileSystem::normalize (143 bytes)
Event: 26.023 Thread 0x0000014353cfd6e0 nmethod 1597 0x000001433fda1310 code [0x000001433fda14e0, 0x000001433fda1790]
Event: 26.029 Thread 0x0000014353d08000 1598       3       java.lang.Character::toUpperCase (9 bytes)
Event: 26.030 Thread 0x0000014353d08000 nmethod 1598 0x0000014338ab9010 code [0x0000014338ab91c0, 0x0000014338ab9398]
Event: 26.030 Thread 0x0000014353d08000 1599       3       java.lang.Character::toUpperCase (6 bytes)
Event: 26.030 Thread 0x0000014353d08000 nmethod 1599 0x0000014338ab9490 code [0x0000014338ab9640, 0x0000014338ab9898]
Event: 26.030 Thread 0x0000014353d08000 1600       3       java.util.TreeMap$Entry::<init> (25 bytes)
Event: 26.030 Thread 0x0000014353d08000 nmethod 1600 0x0000014338ab9990 code [0x0000014338ab9b40, 0x0000014338ab9dd8]
Event: 26.034 Thread 0x0000014353cfd6e0 1601  s!   4       jdk.internal.loader.URLClassPath::getLoader (194 bytes)
Event: 26.038 Thread 0x0000014353d08000 1602       3       java.io.WinNTFileSystem::normalize (224 bytes)
Event: 26.040 Thread 0x0000014353d08000 nmethod 1602 0x0000014338ab9e90 code [0x0000014338aba260, 0x0000014338abbdb8]

GC Heap History (2 events):
Event: 24.942 GC heap before
{Heap before GC invocations=0 (full 0):
 garbage-first heap   total 256000K, used 22528K [0x0000000706400000, 0x0000000800000000)
  region size 2048K, 11 young (22528K), 0 survivors (0K)
 Metaspace       used 16701K, capacity 16897K, committed 17152K, reserved 1064960K
  class space    used 1660K, capacity 1724K, committed 1792K, reserved 1048576K
}
Event: 24.951 GC heap after
{Heap after GC invocations=1 (full 0):
 garbage-first heap   total 256000K, used 5077K [0x0000000706400000, 0x0000000800000000)
  region size 2048K, 2 young (4096K), 2 survivors (4096K)
 Metaspace       used 16701K, capacity 16897K, committed 17152K, reserved 1064960K
  class space    used 1660K, capacity 1724K, committed 1792K, reserved 1048576K
}

Deoptimization events (20 events):
Event: 25.214 Thread 0x00000143348293e0 Uncommon trap: trap_request=0xffffff45 fr.pc=0x000001433fd8374c relative=0x000000000000012c
Event: 25.214 Thread 0x00000143348293e0 Uncommon trap: reason=unstable_if action=reinterpret pc=0x000001433fd8374c method=java.util.regex.Pattern$Branch.match(Ljava/util/regex/Matcher;ILjava/lang/CharSequence;)Z @ 19 c2
Event: 25.214 Thread 0x00000143348293e0 DEOPT PACKING pc=0x000001433fd8374c sp=0x0000003aca5fe3e0
Event: 25.214 Thread 0x00000143348293e0 DEOPT UNPACKING pc=0x000001433828e42f sp=0x0000003aca5fe398 mode 2
Event: 25.285 Thread 0x00000143348293e0 Uncommon trap: trap_request=0xffffff45 fr.pc=0x000001433fd7f01c relative=0x000000000000027c
Event: 25.285 Thread 0x00000143348293e0 Uncommon trap: reason=unstable_if action=reinterpret pc=0x000001433fd7f01c method=java.util.concurrent.ConcurrentHashMap.get(Ljava/lang/Object;)Ljava/lang/Object; @ 76 c2
Event: 25.285 Thread 0x00000143348293e0 DEOPT PACKING pc=0x000001433fd7f01c sp=0x0000003aca5fdee0
Event: 25.285 Thread 0x00000143348293e0 DEOPT UNPACKING pc=0x000001433828e42f sp=0x0000003aca5fde58 mode 2
Event: 25.411 Thread 0x00000143348293e0 Uncommon trap: trap_request=0xffffffde fr.pc=0x000001433fd393c0 relative=0x00000000000001a0
Event: 25.411 Thread 0x00000143348293e0 Uncommon trap: reason=class_check action=maybe_recompile pc=0x000001433fd393c0 method=java.lang.String.equals(Ljava/lang/Object;)Z @ 8 c2
Event: 25.411 Thread 0x00000143348293e0 DEOPT PACKING pc=0x000001433fd393c0 sp=0x0000003aca5fe930
Event: 25.411 Thread 0x00000143348293e0 DEOPT UNPACKING pc=0x000001433828e42f sp=0x0000003aca5fe8d8 mode 2
Event: 25.452 Thread 0x00000143348293e0 Uncommon trap: trap_request=0xffffff45 fr.pc=0x000001433fd81d7c relative=0x000000000000015c
Event: 25.452 Thread 0x00000143348293e0 Uncommon trap: reason=unstable_if action=reinterpret pc=0x000001433fd81d7c method=java.util.HashMap.getNode(Ljava/lang/Object;)Ljava/util/HashMap$Node; @ 131 c2
Event: 25.452 Thread 0x00000143348293e0 DEOPT PACKING pc=0x000001433fd81d7c sp=0x0000003aca5fe5d0
Event: 25.452 Thread 0x00000143348293e0 DEOPT UNPACKING pc=0x000001433828e42f sp=0x0000003aca5fe540 mode 2
Event: 25.609 Thread 0x00000143348293e0 Uncommon trap: trap_request=0xffffffde fr.pc=0x000001433fd4c164 relative=0x0000000000000424
Event: 25.609 Thread 0x00000143348293e0 Uncommon trap: reason=class_check action=maybe_recompile pc=0x000001433fd4c164 method=java.util.HashSet.iterator()Ljava/util/Iterator; @ 4 c2
Event: 25.609 Thread 0x00000143348293e0 DEOPT PACKING pc=0x000001433fd4c164 sp=0x0000003aca5fe9f0
Event: 25.609 Thread 0x00000143348293e0 DEOPT UNPACKING pc=0x000001433828e42f sp=0x0000003aca5fe9c0 mode 2

Classes unloaded (0 events):
No events

Classes redefined (0 events):
No events

Internal exceptions (14 events):
Event: 0.657 Thread 0x00000143348293e0 Exception <a 'java/lang/NoSuchMethodError'{0x0000000715b78cb8}: 'void java.lang.invoke.DirectMethodHandle$Holder.invokeSpecial(java.lang.Object, java.lang.Object, java.lang.Object)'> (0x0000000715b78cb8) 
thrown [./open/src/hotspot/share/interpreter/linkResolver.cpp, line 782]
Event: 0.754 Thread 0x00000143348293e0 Exception <a 'java/lang/NoSuchMethodError'{0x0000000715983c38}: 'java.lang.Object java.lang.invoke.DirectMethodHandle$Holder.invokeStatic(java.lang.Object)'> (0x0000000715983c38) 
thrown [./open/src/hotspot/share/interpreter/linkResolver.cpp, line 782]
Event: 0.755 Thread 0x00000143348293e0 Exception <a 'java/lang/NoSuchMethodError'{0x0000000715987388}: 'java.lang.Object java.lang.invoke.DirectMethodHandle$Holder.invokeStaticInit(java.lang.Object)'> (0x0000000715987388) 
thrown [./open/src/hotspot/share/interpreter/linkResolver.cpp, line 782]
Event: 0.775 Thread 0x00000143348293e0 Exception <a 'java/lang/NoSuchMethodError'{0x00000007159a9140}: 'void java.lang.invoke.DirectMethodHandle$Holder.invokeStatic(java.lang.Object, java.lang.Object)'> (0x00000007159a9140) 
thrown [./open/src/hotspot/share/interpreter/linkResolver.cpp, line 782]
Event: 0.839 Thread 0x00000143348293e0 Exception <a 'java/lang/NoSuchMethodError'{0x00000007156c7ea8}: 'void java.lang.invoke.DirectMethodHandle$Holder.invokeStaticInit(java.lang.Object, java.lang.Object)'> (0x00000007156c7ea8) 
thrown [./open/src/hotspot/share/interpreter/linkResolver.cpp, line 782]
Event: 0.878 Thread 0x00000143348293e0 Exception <a 'java/lang/NoSuchMethodError'{0x00000007157da230}: 'java.lang.Object java.lang.invoke.DirectMethodHandle$Holder.invokeStaticInit(java.lang.Object, int, int, int, int)'> (0x00000007157da230) 
thrown [./open/src/hotspot/share/interpreter/linkResolver.cpp, line 782]
Event: 0.880 Thread 0x00000143348293e0 Exception <a 'sun/nio/fs/WindowsException'{0x00000007157e14d8}> (0x00000007157e14d8) 
thrown [./open/src/hotspot/share/prims/jni.cpp, line 578]
Event: 0.891 Thread 0x00000143348293e0 Exception <a 'java/lang/NoSuchMethodError'{0x000000071540ecb0}: 'int java.lang.invoke.DirectMethodHandle$Holder.invokeStaticInit(java.lang.Object, java.lang.Object, java.lang.Object, java.lang.Object)'> (0x000000071540ecb0) 
thrown [./open/src/hotspot/share/interpreter/linkResolver.cpp, line 782]
Event: 0.892 Thread 0x00000143348293e0 Exception <a 'java/lang/NoSuchMethodError'{0x0000000715419b28}: 'java.lang.Object java.lang.invoke.DirectMethodHandle$Holder.invokeInterface(java.lang.Object, java.lang.Object)'> (0x0000000715419b28) 
thrown [./open/src/hotspot/share/interpreter/linkResolver.cpp, line 782]
Event: 0.892 Thread 0x00000143348293e0 Exception <a 'java/lang/IncompatibleClassChangeError'{0x000000071541d7c8}: Found class java.lang.Object, but interface was expected> (0x000000071541d7c8) 
thrown [./open/src/hotspot/share/interpreter/linkResolver.cpp, line 848]
Event: 0.894 Thread 0x00000143348293e0 Exception <a 'java/lang/NoSuchMethodError'{0x0000000715423cd8}: 'int java.lang.invoke.DirectMethodHandle$Holder.invokeStaticInit(java.lang.Object, java.lang.Object)'> (0x0000000715423cd8) 
thrown [./open/src/hotspot/share/interpreter/linkResolver.cpp, line 782]
Event: 1.068 Thread 0x00000143348293e0 Exception <a 'java/lang/NoSuchMethodError'{0x0000000714f96628}: 'java.lang.Object java.lang.invoke.DirectMethodHandle$Holder.invokeStaticInit(java.lang.Object, java.lang.Object, int, int, int, int)'> (0x0000000714f96628) 
thrown [./open/src/hotspot/share/interpreter/linkResolver.cpp, line 782]
Event: 24.685 Thread 0x00000143348293e0 Exception <a 'java/lang/NoSuchMethodError'{0x0000000714801df0}: 'void java.lang.invoke.DirectMethodHandle$Holder.invokeStatic(java.lang.Object, java.lang.Object, java.lang.Object)'> (0x0000000714801df0) 
thrown [./open/src/hotspot/share/interpreter/linkResolver.cpp, line 782]
Event: 26.011 Thread 0x00000143348293e0 Exception <a 'java/net/SocketException'{0x00000007154fb898}: Socket is not connected: shutdown> (0x00000007154fb898) 
thrown [./open/src/hotspot/share/prims/jni.cpp, line 599]

Events (20 events):
Event: 26.043 loading class java/io/InvalidObjectException
Event: 26.043 loading class java/io/ObjectStreamException
Event: 26.043 loading class java/io/ObjectStreamException done
Event: 26.043 loading class java/io/InvalidObjectException done
Event: 26.063 loading class java/util/concurrent/ThreadPoolExecutor
Event: 26.064 loading class java/util/concurrent/AbstractExecutorService
Event: 26.064 loading class java/util/concurrent/AbstractExecutorService done
Event: 26.065 loading class java/util/concurrent/ThreadPoolExecutor done
Event: 26.065 loading class java/util/concurrent/ThreadPoolExecutor$AbortPolicy
Event: 26.065 loading class java/util/concurrent/RejectedExecutionHandler
Event: 26.065 loading class java/util/concurrent/RejectedExecutionHandler done
Event: 26.065 loading class java/util/concurrent/ThreadPoolExecutor$AbortPolicy done
Event: 26.066 loading class java/util/concurrent/SynchronousQueue
Event: 26.066 loading class java/util/concurrent/SynchronousQueue done
Event: 26.067 loading class java/util/concurrent/SynchronousQueue$TransferStack
Event: 26.067 loading class java/util/concurrent/SynchronousQueue$Transferer
Event: 26.067 loading class java/util/concurrent/SynchronousQueue$Transferer done
Event: 26.067 loading class java/util/concurrent/SynchronousQueue$TransferStack done
Event: 26.067 loading class java/util/concurrent/SynchronousQueue$TransferStack$SNode
Event: 26.067 loading class java/util/concurrent/SynchronousQueue$TransferStack$SNode done


Dynamic libraries:
0x00007ff6136b0000 - 0x00007ff6136bd000 	C:\Users\Anmol Kaur\.p2\pool\plugins\org.eclipse.justj.openjdk.hotspot.jre.full.win32.x86_64_15.0.2.v20210201-0955\jre\bin\javaw.exe
0x00007ffc998b0000 - 0x00007ffc99aa5000 	C:\Windows\SYSTEM32\ntdll.dll
0x00007ffc99280000 - 0x00007ffc9933d000 	C:\Windows\System32\KERNEL32.DLL
0x00007ffc97260000 - 0x00007ffc97528000 	C:\Windows\System32\KERNELBASE.dll
0x00007ffc97160000 - 0x00007ffc97260000 	C:\Windows\System32\ucrtbase.dll
0x00007ffc7a220000 - 0x00007ffc7a239000 	C:\Users\Anmol Kaur\.p2\pool\plugins\org.eclipse.justj.openjdk.hotspot.jre.full.win32.x86_64_15.0.2.v20210201-0955\jre\bin\VCRUNTIME140.dll
0x00007ffc8c8e0000 - 0x00007ffc8c8f8000 	C:\Users\Anmol Kaur\.p2\pool\plugins\org.eclipse.justj.openjdk.hotspot.jre.full.win32.x86_64_15.0.2.v20210201-0955\jre\bin\jli.dll
0x00007ffc99080000 - 0x00007ffc99220000 	C:\Windows\System32\USER32.dll
0x00007ffc978b0000 - 0x00007ffc978d2000 	C:\Windows\System32\win32u.dll
0x00007ffc820b0000 - 0x00007ffc8234a000 	C:\Windows\WinSxS\amd64_microsoft.windows.common-controls_6595b64144ccf1df_6.0.19041.844_none_ca00b6081b84eb1d\COMCTL32.dll
0x00007ffc982e0000 - 0x00007ffc9830a000 	C:\Windows\System32\GDI32.dll
0x00007ffc98310000 - 0x00007ffc983ae000 	C:\Windows\System32\msvcrt.dll
0x00007ffc97530000 - 0x00007ffc9763b000 	C:\Windows\System32\gdi32full.dll
0x00007ffc97070000 - 0x00007ffc9710d000 	C:\Windows\System32\msvcp_win.dll
0x00007ffc99810000 - 0x00007ffc99840000 	C:\Windows\System32\IMM32.DLL
0x00007ffc92710000 - 0x00007ffc9271c000 	C:\Users\Anmol Kaur\.p2\pool\plugins\org.eclipse.justj.openjdk.hotspot.jre.full.win32.x86_64_15.0.2.v20210201-0955\jre\bin\vcruntime140_1.dll
0x00007ffc75770000 - 0x00007ffc75801000 	C:\Users\Anmol Kaur\.p2\pool\plugins\org.eclipse.justj.openjdk.hotspot.jre.full.win32.x86_64_15.0.2.v20210201-0955\jre\bin\msvcp140.dll
0x00007ffc2a810000 - 0x00007ffc2b36e000 	C:\Users\Anmol Kaur\.p2\pool\plugins\org.eclipse.justj.openjdk.hotspot.jre.full.win32.x86_64_15.0.2.v20210201-0955\jre\bin\server\jvm.dll
0x00007ffc98c70000 - 0x00007ffc98d1c000 	C:\Windows\System32\ADVAPI32.dll
0x00007ffc98440000 - 0x00007ffc984db000 	C:\Windows\System32\sechost.dll
0x00007ffc98790000 - 0x00007ffc988bb000 	C:\Windows\System32\RPCRT4.dll
0x00007ffc97b20000 - 0x00007ffc97b28000 	C:\Windows\System32\PSAPI.DLL
0x00007ffc7da80000 - 0x00007ffc7da89000 	C:\Windows\SYSTEM32\WSOCK32.dll
0x00007ffc840e0000 - 0x00007ffc84107000 	C:\Windows\SYSTEM32\WINMM.dll
0x00007ffc913b0000 - 0x00007ffc913ba000 	C:\Windows\SYSTEM32\VERSION.dll
0x00007ffc988c0000 - 0x00007ffc9892b000 	C:\Windows\System32\WS2_32.dll
0x00007ffc95890000 - 0x00007ffc958a2000 	C:\Windows\SYSTEM32\kernel.appcore.dll
0x00007ffc92700000 - 0x00007ffc9270a000 	C:\Users\Anmol Kaur\.p2\pool\plugins\org.eclipse.justj.openjdk.hotspot.jre.full.win32.x86_64_15.0.2.v20210201-0955\jre\bin\jimage.dll
0x00007ffc94e10000 - 0x00007ffc94ff4000 	C:\Windows\SYSTEM32\DBGHELP.DLL
0x00007ffc7d860000 - 0x00007ffc7d88c000 	C:\Windows\SYSTEM32\dbgcore.DLL
0x00007ffc96fc0000 - 0x00007ffc97040000 	C:\Windows\System32\bcryptPrimitives.dll
0x00007ffc90200000 - 0x00007ffc90225000 	C:\Users\Anmol Kaur\.p2\pool\plugins\org.eclipse.justj.openjdk.hotspot.jre.full.win32.x86_64_15.0.2.v20210201-0955\jre\bin\java.dll
0x00007ffc903b0000 - 0x00007ffc903c8000 	C:\Users\Anmol Kaur\.p2\pool\plugins\org.eclipse.justj.openjdk.hotspot.jre.full.win32.x86_64_15.0.2.v20210201-0955\jre\bin\zip.dll
0x00007ffc97b30000 - 0x00007ffc98272000 	C:\Windows\System32\SHELL32.dll
0x00007ffc950f0000 - 0x00007ffc95880000 	C:\Windows\SYSTEM32\windows.storage.dll
0x00007ffc98d20000 - 0x00007ffc99075000 	C:\Windows\System32\combase.dll
0x00007ffc969c0000 - 0x00007ffc969ec000 	C:\Windows\SYSTEM32\Wldp.dll
0x00007ffc986e0000 - 0x00007ffc9878e000 	C:\Windows\System32\SHCORE.dll
0x00007ffc99220000 - 0x00007ffc99275000 	C:\Windows\System32\shlwapi.dll
0x00007ffc96f00000 - 0x00007ffc96f1f000 	C:\Windows\SYSTEM32\profapi.dll
0x00007ffc900d0000 - 0x00007ffc900e9000 	C:\Users\Anmol Kaur\.p2\pool\plugins\org.eclipse.justj.openjdk.hotspot.jre.full.win32.x86_64_15.0.2.v20210201-0955\jre\bin\net.dll
0x00007ffc85bf0000 - 0x00007ffc85cfb000 	C:\Windows\SYSTEM32\WINHTTP.dll
0x00007ffc966d0000 - 0x00007ffc9673a000 	C:\Windows\system32\mswsock.dll
0x00007ffc8c820000 - 0x00007ffc8c832000 	C:\Users\Anmol Kaur\.p2\pool\plugins\org.eclipse.justj.openjdk.hotspot.jre.full.win32.x86_64_15.0.2.v20210201-0955\jre\bin\nio.dll
0x00007ffc91170000 - 0x00007ffc91180000 	C:\Users\Anmol Kaur\.p2\pool\plugins\org.eclipse.justj.openjdk.hotspot.jre.full.win32.x86_64_15.0.2.v20210201-0955\jre\bin\verify.dll
0x00007ffc96400000 - 0x00007ffc964cc000 	C:\Windows\SYSTEM32\DNSAPI.dll
0x00007ffc963c0000 - 0x00007ffc963fb000 	C:\Windows\SYSTEM32\IPHLPAPI.DLL
0x00007ffc978e0000 - 0x00007ffc978e8000 	C:\Windows\System32\NSI.dll
0x00007ffc8a860000 - 0x00007ffc8a86a000 	C:\Windows\System32\rasadhlp.dll
0x00007ffc83df0000 - 0x00007ffc83e6f000 	C:\Windows\System32\fwpuclnt.dll
0x00007ffc97040000 - 0x00007ffc97067000 	C:\Windows\System32\bcrypt.dll
0x00007ffc968a0000 - 0x00007ffc968b8000 	C:\Windows\SYSTEM32\CRYPTSP.dll
0x00007ffc96070000 - 0x00007ffc960a4000 	C:\Windows\system32\rsaenh.dll
0x00007ffc96ec0000 - 0x00007ffc96eee000 	C:\Windows\SYSTEM32\USERENV.dll
0x00007ffc968c0000 - 0x00007ffc968cc000 	C:\Windows\SYSTEM32\CRYPTBASE.dll
0x00007ffc8c6f0000 - 0x00007ffc8c707000 	C:\Windows\SYSTEM32\dhcpcsvc6.DLL
0x00007ffc8d1c0000 - 0x00007ffc8d1dd000 	C:\Windows\SYSTEM32\dhcpcsvc.DLL
0x00007ffc91150000 - 0x00007ffc9115d000 	C:\Users\Anmol Kaur\.p2\pool\plugins\org.eclipse.justj.openjdk.hotspot.jre.full.win32.x86_64_15.0.2.v20210201-0955\jre\bin\sunmscapi.dll
0x00007ffc97640000 - 0x00007ffc9779f000 	C:\Windows\System32\CRYPT32.dll
0x00007ffc96a30000 - 0x00007ffc96a57000 	C:\Windows\SYSTEM32\ncrypt.dll
0x00007ffc969f0000 - 0x00007ffc96a2b000 	C:\Windows\SYSTEM32\NTASN1.dll

dbghelp: loaded successfully - version: 4.0.5 - missing functions: none
symbol engine: initialized successfully - sym options: 0x614 - pdb path: .;C:\Users\Anmol Kaur\.p2\pool\plugins\org.eclipse.justj.openjdk.hotspot.jre.full.win32.x86_64_15.0.2.v20210201-0955\jre\bin;C:\Windows\SYSTEM32;C:\Windows\WinSxS\amd64_microsoft.windows.common-controls_6595b64144ccf1df_6.0.19041.844_none_ca00b6081b84eb1d;C:\Users\Anmol Kaur\.p2\pool\plugins\org.eclipse.justj.openjdk.hotspot.jre.full.win32.x86_64_15.0.2.v20210201-0955\jre\bin\server

VM Arguments:
jvm_args: -ea -Dfile.encoding=Cp1252 -XX:+ShowCodeDetailsInExceptionMessages 
java_command: org.testng.remote.RemoteTestNG -serport 49300 -protocol json -d C:\Users\Anmol Kaur\eclipse-workspace\Z2\test-output C:\Users\ANMOLK~1\AppData\Local\Temp\testng-eclipse-2011641826\testng-customsuite.xml
java_class_path (initial): C:\Users\Anmol Kaur\eclipse\java-2021-03\eclipse\configuration\org.eclipse.osgi\444\0\.cp\lib\testng-remote.jar;C:\Users\Anmol Kaur\eclipse-workspace\Z2\target\test-classes;C:\Users\Anmol Kaur\eclipse-workspace\Z2\target\classes;C:\Users\Anmol Kaur\.m2\repository\org\seleniumhq\selenium\selenium-java\3.141.59\selenium-java-3.141.59.jar;C:\Users\Anmol Kaur\.m2\repository\org\seleniumhq\selenium\selenium-api\3.141.59\selenium-api-3.141.59.jar;C:\Users\Anmol Kaur\.m2\repository\org\seleniumhq\selenium\selenium-chrome-driver\3.141.59\selenium-chrome-driver-3.141.59.jar;C:\Users\Anmol Kaur\.m2\repository\org\seleniumhq\selenium\selenium-edge-driver\3.141.59\selenium-edge-driver-3.141.59.jar;C:\Users\Anmol Kaur\.m2\repository\org\seleniumhq\selenium\selenium-firefox-driver\3.141.59\selenium-firefox-driver-3.141.59.jar;C:\Users\Anmol Kaur\.m2\repository\org\seleniumhq\selenium\selenium-ie-driver\3.141.59\selenium-ie-driver-3.141.59.jar;C:\Users\Anmol Kaur\.m2\repository\org\seleniumhq\selenium\selenium-opera-driver\3.141.59\selenium-opera-driver-3.141.59.jar;C:\Users\Anmol Kaur\.m2\repository\org\seleniumhq\selenium\selenium-remote-driver\3.141.59\selenium-remote-driver-3.141.59.jar;C:\Users\Anmol Kaur\.m2\repository\org\seleniumhq\selenium\selenium-safari-driver\3.141.59\selenium-safari-driver-3.141.59.jar;C:\Users\Anmol Kaur\.m2\repository\org\seleniumhq\selenium\selenium-support\3.141.59\selenium-support-3.141.59.jar;C:\Users\Anmol Kaur\.m2\repository\net\bytebuddy\byte-buddy\1.8.15\byte-buddy-1.8.15.jar;C:\Users\Anmol Kaur\.m2\repository\org\apache\commons\commons-exec\1.3\commons-exec-1.3.jar;C:\Users\Anmol Kaur\.m2\repository\com\google\guava\guava\25.0-jre\guava-25.0-jre.jar;C:\Users\Anmol Kaur\.m2\repository\com\google\code\findbugs\jsr305\1.3.9\jsr305-1.3.9.jar;C:\Users\Anmol Kaur\.m2\repository\org\checkerframework\checker-compat-qual\2.0.0\checker-compat-qual-2.0.0.jar;C:\Users\Anmol Kaur\.m2\repository\com\google\errorprone\error_pr
Launcher Type: SUN_STANDARD

[Global flags]
     intx CICompilerCount                          = 4                                         {product} {ergonomic}
     uint ConcGCThreads                            = 2                                         {product} {ergonomic}
     uint G1ConcRefinementThreads                  = 8                                         {product} {ergonomic}
   size_t G1HeapRegionSize                         = 2097152                                   {product} {ergonomic}
    uintx GCDrainStackTargetSize                   = 64                                        {product} {ergonomic}
   size_t InitialHeapSize                          = 262144000                                 {product} {ergonomic}
   size_t MarkStackSize                            = 4194304                                   {product} {ergonomic}
   size_t MaxHeapSize                              = 4190109696                                {product} {ergonomic}
   size_t MaxNewSize                               = 2512388096                                {product} {ergonomic}
   size_t MinHeapDeltaBytes                        = 2097152                                   {product} {ergonomic}
   size_t MinHeapSize                              = 8388608                                   {product} {ergonomic}
    uintx NonNMethodCodeHeapSize                   = 5839372                                {pd product} {ergonomic}
    uintx NonProfiledCodeHeapSize                  = 122909434                              {pd product} {ergonomic}
    uintx ProfiledCodeHeapSize                     = 122909434                              {pd product} {ergonomic}
    uintx ReservedCodeCacheSize                    = 251658240                              {pd product} {ergonomic}
     bool SegmentedCodeCache                       = true                                      {product} {ergonomic}
     bool ShowCodeDetailsInExceptionMessages       = true                                   {manageable} {command line}
   size_t SoftMaxHeapSize                          = 4190109696                             {manageable} {ergonomic}
     bool UseCompressedClassPointers               = true                                 {lp64_product} {ergonomic}
     bool UseCompressedOops                        = true                                 {lp64_product} {ergonomic}
     bool UseG1GC                                  = true                                      {product} {ergonomic}
     bool UseLargePagesIndividualAllocation        = false                                  {pd product} {ergonomic}

Logging:
Log output configuration:
 #0: stdout all=warning uptime,level,tags
 #1: stderr all=off uptime,level,tags

Environment Variables:
JAVA_HOME=C:\Program Files\Java\jdk-16.0.1
PATH=C:/Users/Anmol Kaur/.p2/pool/plugins/org.eclipse.justj.openjdk.hotspot.jre.full.win32.x86_64_15.0.2.v20210201-0955/jre/bin/server;C:/Users/Anmol Kaur/.p2/pool/plugins/org.eclipse.justj.openjdk.hotspot.jre.full.win32.x86_64_15.0.2.v20210201-0955/jre/bin;C:\Program Files (x86)\Common Files\Oracle\Java\javapath;C:\Windows\system32;C:\Windows;C:\Windows\System32\Wbem;C:\Windows\System32\WindowsPowerShell\v1.0\;C:\Windows\System32\OpenSSH\;C:\Program Files (x86)\Kaspersky Lab\Kaspersky Endpoint Security for Windows\;C:\Program Files\PuTTY\;C:\Users\Anmol Kaur\Downloads\apache-maven-3.8.1-bin;C:\Program Files (x86)\Java\jre1.8.0_291\bin;C:\Users\Anmol Kaur\Desktop\SELENIUM\apache-maven-3.8.1\bin;C:\Users\Anmol Kaur\AppData\Local\Microsoft\WindowsApps;;C:\Users\Anmol Kaur\eclipse\java-2021-03\eclipse;
USERNAME=Anmol Kaur
OS=Windows_NT
PROCESSOR_IDENTIFIER=Intel64 Family 6 Model 142 Stepping 12, GenuineIntel



---------------  S Y S T E M  ---------------

OS:
 Windows 10 , 64 bit Build 19041 (10.0.19041.928)
OS uptime: 18 days 5:21 hours

CPU: total 8 (initial active 8) (4 cores per cpu, 2 threads per core) family 6 model 142 stepping 12 microcode 0xde, cmov, cx8, fxsr, mmx, sse, sse2, sse3, ssse3, sse4.1, sse4.2, popcnt, vzeroupper, avx, avx2, aes, clmul, erms, 3dnowpref, lzcnt, ht, tsc, tscinvbit, bmi1, bmi2, adx, fma, clflush, clflushopt

Memory: 4k page, system-wide physical 15977M (933M free)
TotalPageFile size 38466M (AvailPageFile size 0M)
current process WorkingSet (physical memory assigned to process): 96M, peak: 96M
current process commit charge ("private bytes"): 360M, peak: 360M

vm_info: OpenJDK 64-Bit Server VM (15.0.2+7-27) for windows-amd64 JRE (15.0.2+7-27), built on Dec  7 2020 20:02:38 by "mach5one" with unknown MS VC++:1925

END.
